\BOOKMARK [0][-]{chapter.1}{Working with this Template}{}% 1
\BOOKMARK [1][-]{section.1.1}{Structuring: Sections}{chapter.1}% 2
\BOOKMARK [2][-]{subsection.1.1.1}{Subsection}{section.1.1}% 3
\BOOKMARK [1][-]{section.1.2}{Style and Expressions}{chapter.1}% 4
\BOOKMARK [2][-]{subsection.1.2.1}{Writing}{section.1.2}% 5
\BOOKMARK [1][-]{section.1.3}{References}{chapter.1}% 6
\BOOKMARK [2][-]{subsection.1.3.1}{Equations}{section.1.3}% 7
\BOOKMARK [2][-]{subsection.1.3.2}{Figures}{section.1.3}% 8
\BOOKMARK [2][-]{subsection.1.3.3}{Tables}{section.1.3}% 9
\BOOKMARK [2][-]{subsection.1.3.4}{Definitions/Assumptions/Theorems/Lemmas}{section.1.3}% 10
\BOOKMARK [1][-]{section.1.4}{Equations}{chapter.1}% 11
\BOOKMARK [1][-]{section.1.5}{Figures}{chapter.1}% 12
\BOOKMARK [1][-]{section.1.6}{Definitions / Assumptions / Theorems / Lemmas}{chapter.1}% 13
\BOOKMARK [1][-]{section.1.7}{Citations}{chapter.1}% 14
\BOOKMARK [1][-]{section.1.8}{Compiling}{chapter.1}% 15
\BOOKMARK [0][-]{chapter.2}{Introduction}{}% 16
\BOOKMARK [1][-]{section.2.1}{Problem Statement}{chapter.2}% 17
\BOOKMARK [1][-]{section.2.2}{Related Work}{chapter.2}% 18
\BOOKMARK [0][-]{chapter.3}{Technical Approach}{}% 19
\BOOKMARK [1][-]{section.3.1}{Design of your solution}{chapter.3}% 20
\BOOKMARK [1][-]{section.3.2}{Implementation}{chapter.3}% 21
\BOOKMARK [0][-]{chapter.4}{Evaluation}{}% 22
\BOOKMARK [1][-]{section.4.1}{Experimental Results}{chapter.4}% 23
\BOOKMARK [0][-]{chapter.5}{Discussion}{}% 24
\BOOKMARK [0][-]{chapter.6}{Conclusion}{}% 25
\BOOKMARK [0][-]{appendix.A}{BUSTED! Last chance to actually read the HowTo-Section!!}{}% 26
\BOOKMARK [1][-]{section.A.1}{Style and Expressions}{appendix.A}% 27
\BOOKMARK [0][-]{section.A.1}{List of Figures}{}% 28
\BOOKMARK [0][-]{appendix*.10}{Bibliography}{}% 29
